     1                                  
     2                                  
     3                                  
     4                                  
     5                                  
     6                                  
     7                                  default rel
     8                                  
     9                                  global __hasValue
    10                                  global __getValue
    11                                  global __setValue
    12                                  global __print
    13                                  global __println
    14                                  global __getString
    15                                  global __getInt
    16                                  global __toString
    17                                  global __string_length
    18                                  global __string_substring
    19                                  global __string_parseInt
    20                                  global __string_ord
    21                                  global __stringConcate
    22                                  global __stringCompare
    23                                  global __value
    24                                  global __has
    25                                  global __real_addr
    26                                  global main
    27                                  
    28                                  extern strcmp
    29                                  extern __sprintf_chk
    30                                  extern memcpy
    31                                  extern malloc
    32                                  extern __isoc99_scanf
    33                                  extern puts
    34                                  extern __printf_chk
    35                                  
    36                                  
    37                                  SECTION .text   6
    38                                  
    39                                  __hasValue:
    40 00000000 4889F8                          mov     rax, rdi
    41 00000003 48BA67BF102B4AE323-             mov     rdx, qword 1323E34A2B10BF67H
    42 0000000C 13                 
    43 0000000D 48F7EA                          imul    rdx
    44 00000010 4889F8                          mov     rax, rdi
    45 00000013 48C1F83F                        sar     rax, 63
    46 00000017 48C1FA03                        sar     rdx, 3
    47 0000001B 4829C2                          sub     rdx, rax
    48 0000001E B86B000000                      mov     eax, 107
    49 00000023 480FAFD0                        imul    rdx, rax
    50 00000027 4889F8                          mov     rax, rdi
    51 0000002A 4829D0                          sub     rax, rdx
    52 0000002D 4889C2                          mov     rdx, rax
    53 00000030 31C0                            xor     eax, eax
    54                                  
    55 00000032 48393CD5[807C0500]              cmp     qword [abs __real_addr+rdx*8], rdi
    56 0000003A 7404                            jz      L_002
    57                                  L_001:
    58                                  
    59 0000003C C3                              ret
    60                                  
    61                                  
    62                                  
    63                                  
    64                                  
    65 0000003D 90<rept>                ALIGN   8
    66 00000040 4881FED1000000          L_002:  cmp     rsi, 209
    67 00000047 77F3                            ja      L_001
    68 00000049 4869D2D2000000                  imul    rdx, rdx, 210
    69 00000050 4801D6                          add     rsi, rdx
    70                                  
    71 00000053 488B04F5[40BE0200]              mov     rax, qword [abs __has+rsi*8]
    72 0000005B C3                              ret
    73                                  
    74                                  
    75                                  
    76                                  
    77                                  
    78                                  
    79 0000005C 90<rept>                ALIGN   8
    80                                  
    81                                  __getValue:
    82 00000060 4889F8                          mov     rax, rdi
    83 00000063 48BA67BF102B4AE323-             mov     rdx, qword 1323E34A2B10BF67H
    84 0000006C 13                 
    85 0000006D 48F7EA                          imul    rdx
    86 00000070 4889F8                          mov     rax, rdi
    87 00000073 48C1F83F                        sar     rax, 63
    88 00000077 48C1FA03                        sar     rdx, 3
    89 0000007B 4829C2                          sub     rdx, rax
    90 0000007E B86B000000                      mov     eax, 107
    91 00000083 480FAFD0                        imul    rdx, rax
    92 00000087 4829D7                          sub     rdi, rdx
    93 0000008A 4869FFD2000000                  imul    rdi, rdi, 210
    94 00000091 4801FE                          add     rsi, rdi
    95                                  
    96 00000094 488B04F5[00000000]              mov     rax, qword [abs __value+rsi*8]
    97 0000009C C3                              ret
    98                                  
    99                                  
   100                                  
   101                                  
   102                                  
   103                                  
   104 0000009D 90<rept>                ALIGN   8
   105                                  
   106                                  __setValue:
   107 000000A0 4881FED1000000                  cmp     rsi, 209
   108 000000A7 4989D1                          mov     r9, rdx
   109 000000AA 0F87C0000000                    ja      L_008
   110 000000B0 49B867BF102B4AE323-             mov     r8, qword 1323E34A2B10BF67H
   111 000000B9 13                 
   112 000000BA 4889F8                          mov     rax, rdi
   113 000000BD 41BA6B000000                    mov     r10d, 107
   114 000000C3 49F7E8                          imul    r8
   115 000000C6 4889F8                          mov     rax, rdi
   116 000000C9 48C1F83F                        sar     rax, 63
   117 000000CD 4989D0                          mov     r8, rdx
   118 000000D0 49C1F803                        sar     r8, 3
   119 000000D4 4929C0                          sub     r8, rax
   120 000000D7 4889F8                          mov     rax, rdi
   121 000000DA 4D0FAFC2                        imul    r8, r10
   122 000000DE 4C29C0                          sub     rax, r8
   123 000000E1 4989C0                          mov     r8, rax
   124                                  
   125 000000E4 488B04C5[807C0500]              mov     rax, qword [abs __real_addr+rax*8]
   126 000000EC 4839F8                          cmp     rax, rdi
   127 000000EF 7457                            jz      L_007
   128 000000F1 4885C0                          test    rax, rax
   129 000000F4 0F84B6000000                    je      L_012
   130 000000FA 4969C090060000                  imul    rax, r8, 1680
   131 00000101 BA90060000                      mov     edx, 1680
   132                                  
   133 00000106 488DB8[40BE0200]                lea     rdi, [abs __has+rax]
   134 0000010D 40F6C701                        test    dil, 01H
   135 00000111 0F85A9000000                    jne     L_013
   136 00000117 40F6C702                L_003:  test    dil, 02H
   137 0000011B 0F85B7000000                    jne     L_014
   138 00000121 40F6C704                L_004:  test    dil, 04H
   139 00000125 0F85C5000000                    jne     L_015
   140 0000012B 89D1                    L_005:  mov     ecx, edx
   141 0000012D 31C0                            xor     eax, eax
   142 0000012F C1E903                          shr     ecx, 3
   143 00000132 F6C204                          test    dl, 04H
   144 00000135 F348AB                          rep stosq
   145 00000138 755E                            jnz     L_011
   146 0000013A F6C202                          test    dl, 02H
   147 0000013D 7541                            jnz     L_010
   148 0000013F 83E201                  L_006:  and     edx, 01H
   149 00000142 7534                            jnz     L_009
   150                                  
   151                                  
   152                                  
   153                                  
   154 00000144 90<rept>                ALIGN   8
   155 00000148 4C89C8                  L_007:  mov     rax, r9
   156 0000014B 4D69C0D2000000                  imul    r8, r8, 210
   157 00000152 4C01C6                          add     rsi, r8
   158                                  
   159 00000155 48C704F5[40BE0200]-             mov     qword [abs __has+rsi*8], 1
   160 0000015D 01000000           
   161                                  
   162 00000161 4C890CF5[00000000]              mov     qword [abs __value+rsi*8], r9
   163 00000169 C3                              ret
   164                                  
   165                                  
   166                                  
   167                                  
   168                                  
   169 0000016A 90<rept>                ALIGN   8
   170                                  L_008:
   171                                  
   172 00000170 C3                              ret
   173                                  
   174                                  
   175                                  
   176                                  
   177                                  
   178 00000171 90<rept>                ALIGN   8
   179 00000178 C60700                  L_009:  mov     byte [rdi], 0
   180 0000017B EBCB                            jmp     L_007
   181                                  
   182                                  
   183                                  
   184                                  
   185                                  
   186 0000017D 90<rept>                ALIGN   8
   187 00000180 31C0                    L_010:  xor     eax, eax
   188 00000182 4883C702                        add     rdi, 2
   189 00000186 668947FE                        mov     word [rdi-2H], ax
   190 0000018A 83E201                          and     edx, 01H
   191 0000018D 74B9                            jz      L_007
   192 0000018F EBE7                            jmp     L_009
   193                                  
   194                                  
   195                                  
   196                                  
   197                                  
   198 00000191 90<rept>                ALIGN   8
   199 00000198 C70700000000            L_011:  mov     dword [rdi], 0
   200 0000019E 4883C704                        add     rdi, 4
   201 000001A2 F6C202                          test    dl, 02H
   202 000001A5 7498                            jz      L_006
   203 000001A7 EBD7                            jmp     L_010
   204                                  
   205                                  
   206                                  
   207                                  
   208                                  
   209 000001A9 90<rept>                ALIGN   8
   210                                  L_012:
   211                                  
   212 000001B0 4A893CC5[807C0500]              mov     qword [abs __real_addr+r8*8], rdi
   213 000001B8 EB8E                            jmp     L_007
   214                                  
   215                                  
   216                                  
   217                                  
   218                                  
   219 000001BA 90<rept>                ALIGN   8
   220                                  L_013:
   221                                  
   222 000001C0 C680[40BE0200]00                mov     byte [abs __has+rax], 0
   223 000001C7 4883C701                        add     rdi, 1
   224 000001CB B28F                            mov     dl, -113
   225 000001CD E945FFFFFF                      jmp     L_003
   226                                  
   227                                  
   228                                  
   229                                  
   230                                  
   231 000001D2 90<rept>                ALIGN   8
   232 000001D8 31C9                    L_014:  xor     ecx, ecx
   233 000001DA 4883C702                        add     rdi, 2
   234 000001DE 83EA02                          sub     edx, 2
   235 000001E1 66894FFE                        mov     word [rdi-2H], cx
   236 000001E5 E937FFFFFF                      jmp     L_004
   237                                  
   238                                  
   239                                  
   240                                  
   241                                  
   242 000001EA 90<rept>                ALIGN   8
   243 000001F0 C70700000000            L_015:  mov     dword [rdi], 0
   244 000001F6 83EA04                          sub     edx, 4
   245 000001F9 4883C704                        add     rdi, 4
   246 000001FD E929FFFFFF                      jmp     L_005
   247                                  
   248                                  
   249                                  
   250                                  
   251                                  
   252                                  
   253                                  
   254 00000202 90<rept>                ALIGN   16
   255                                  
   256                                  __print:
   257 00000210 488D5708                        lea     rdx, [rdi+8H]
   258 00000214 BE[00000000]                    mov     esi, L_032
   259 00000219 BF01000000                      mov     edi, 1
   260 0000021E 31C0                            xor     eax, eax
   261 00000220 E9(00000000)                    jmp     __printf_chk
   262                                  
   263                                  
   264                                  
   265                                  
   266                                  
   267                                  
   268                                  
   269 00000225 90<rept>                ALIGN   16
   270                                  
   271                                  __println:
   272 00000230 4883C708                        add     rdi, 8
   273 00000234 E9(00000000)                    jmp     puts
   274                                  
   275                                  
   276                                  
   277                                  
   278                                  
   279                                  
   280 00000239 90<rept>                ALIGN   8
   281                                  
   282                                  __getString:
   283 00000240 55                              push    rbp
   284 00000241 BE[E07F0500]                    mov     esi, __buffer.3442
   285 00000246 BF[00000000]                    mov     edi, L_032
   286 0000024B 31C0                            xor     eax, eax
   287 0000024D 53                              push    rbx
   288 0000024E BB[E07F0500]                    mov     ebx, __buffer.3442
   289 00000253 4883EC08                        sub     rsp, 8
   290 00000257 E8(00000000)                    call    __isoc99_scanf
   291 0000025C 8B13                    L_016:  mov     edx, dword [rbx]
   292 0000025E 4883C304                        add     rbx, 4
   293 00000262 8D82FFFEFEFE                    lea     eax, [rdx-1010101H]
   294 00000268 F7D2                            not     edx
   295 0000026A 21D0                            and     eax, edx
   296 0000026C 2580808080                      and     eax, 80808080H
   297 00000271 74E9                            jz      L_016
   298 00000273 89C2                            mov     edx, eax
   299 00000275 C1EA10                          shr     edx, 16
   300 00000278 A980800000                      test    eax, 8080H
   301 0000027D 0F44C2                          cmove   eax, edx
   302 00000280 488D5302                        lea     rdx, [rbx+2H]
   303 00000284 480F44DA                        cmove   rbx, rdx
   304 00000288 00C0                            add     al, al
   305 0000028A 4883DB03                        sbb     rbx, 3
   306 0000028E 4881EB[E07F0500]                sub     rbx, __buffer.3442
   307 00000295 8D7B08                          lea     edi, [rbx+8H]
   308 00000298 4863FF                          movsxd  rdi, edi
   309 0000029B E8(00000000)                    call    malloc
   310 000002A0 4889C5                          mov     rbp, rax
   311 000002A3 488D5301                        lea     rdx, [rbx+1H]
   312 000002A7 4863C3                          movsxd  rax, ebx
   313 000002AA 488D7D08                        lea     rdi, [rbp+8H]
   314 000002AE 48894500                        mov     qword [rbp], rax
   315 000002B2 BE[E07F0500]                    mov     esi, __buffer.3442
   316 000002B7 E8(00000000)                    call    memcpy
   317 000002BC 4883C408                        add     rsp, 8
   318 000002C0 4889E8                          mov     rax, rbp
   319 000002C3 5B                              pop     rbx
   320 000002C4 5D                              pop     rbp
   321 000002C5 C3                              ret
   322                                  
   323                                  
   324                                  
   325                                  
   326                                  
   327                                  
   328                                  
   329 000002C6 90<rept>                ALIGN   16
   330                                  
   331                                  __getInt:
   332 000002D0 4883EC18                        sub     rsp, 24
   333 000002D4 BF[03000000]                    mov     edi, L_033
   334 000002D9 31C0                            xor     eax, eax
   335 000002DB 488D742408                      lea     rsi, [rsp+8H]
   336 000002E0 E8(00000000)                    call    __isoc99_scanf
   337 000002E5 488B442408                      mov     rax, qword [rsp+8H]
   338 000002EA 4883C418                        add     rsp, 24
   339 000002EE C3                              ret
   340                                  
   341                                  
   342 000002EF 90                              nop
   343                                  
   344                                  ALIGN   16
   345                                  __toString:
   346 000002F0 55                              push    rbp
   347 000002F1 4889FD                          mov     rbp, rdi
   348 000002F4 BF20000000                      mov     edi, 32
   349 000002F9 53                              push    rbx
   350 000002FA 4883EC08                        sub     rsp, 8
   351 000002FE E8(00000000)                    call    malloc
   352 00000303 488D7808                        lea     rdi, [rax+8H]
   353 00000307 4889C3                          mov     rbx, rax
   354 0000030A 4989E8                          mov     r8, rbp
   355 0000030D B9[03000000]                    mov     ecx, L_033
   356 00000312 BA18000000                      mov     edx, 24
   357 00000317 BE01000000                      mov     esi, 1
   358 0000031C 31C0                            xor     eax, eax
   359 0000031E E8(00000000)                    call    __sprintf_chk
   360 00000323 4898                            cdqe
   361 00000325 488903                          mov     qword [rbx], rax
   362 00000328 4883C408                        add     rsp, 8
   363 0000032C 4889D8                          mov     rax, rbx
   364 0000032F 5B                              pop     rbx
   365 00000330 5D                              pop     rbp
   366 00000331 C3                              ret
   367                                  
   368                                  
   369                                  
   370                                  
   371                                  
   372                                  
   373                                  
   374 00000332 90<rept>                ALIGN   16
   375                                  
   376                                  __string_length:
   377 00000340 488B07                          mov     rax, qword [rdi]
   378 00000343 C3                              ret
   379                                  
   380                                  
   381                                  
   382                                  
   383                                  
   384                                  
   385                                  
   386 00000344 90<rept>                ALIGN   16
   387                                  
   388                                  __string_substring:
   389 00000350 4157                            push    r15
   390 00000352 4156                            push    r14
   391 00000354 4155                            push    r13
   392 00000356 4C63EE                          movsxd  r13, esi
   393 00000359 4154                            push    r12
   394 0000035B 4189D4                          mov     r12d, edx
   395 0000035E 4529EC                          sub     r12d, r13d
   396 00000361 55                              push    rbp
   397 00000362 4889FD                          mov     rbp, rdi
   398 00000365 418D7C240A                      lea     edi, [r12+0AH]
   399 0000036A 53                              push    rbx
   400 0000036B 418D5C2401                      lea     ebx, [r12+1H]
   401 00000370 4863FF                          movsxd  rdi, edi
   402 00000373 4883EC08                        sub     rsp, 8
   403 00000377 E8(00000000)                    call    malloc
   404 0000037C 4863D3                          movsxd  rdx, ebx
   405 0000037F 85DB                            test    ebx, ebx
   406 00000381 488910                          mov     qword [rax], rdx
   407 00000384 0F8E23020000                    jle     L_018
   408 0000038A 418D7D08                        lea     edi, [r13+8H]
   409 0000038E 4901ED                          add     r13, rbp
   410 00000391 488D4818                        lea     rcx, [rax+18H]
   411 00000395 498D5508                        lea     rdx, [r13+8H]
   412 00000399 498D7518                        lea     rsi, [r13+18H]
   413 0000039D 4839D1                          cmp     rcx, rdx
   414 000003A0 488D5008                        lea     rdx, [rax+8H]
   415 000003A4 0F96C1                          setbe   cl
   416 000003A7 4839D6                          cmp     rsi, rdx
   417 000003AA 0F96C2                          setbe   dl
   418 000003AD 08D1                            or      cl, dl
   419 000003AF 0F841B020000                    je      L_019
   420 000003B5 83FB0F                          cmp     ebx, 15
   421 000003B8 0F8612020000                    jbe     L_019
   422 000003BE 89DE                            mov     esi, ebx
   423 000003C0 31D2                            xor     edx, edx
   424 000003C2 4531C0                          xor     r8d, r8d
   425 000003C5 C1EE04                          shr     esi, 4
   426 000003C8 89F1                            mov     ecx, esi
   427 000003CA C1E104                          shl     ecx, 4
   428 000003CD F3410F6F441508          L_017:  movdqu  xmm0, oword [r13+rdx+8H]
   429 000003D4 4183C001                        add     r8d, 1
   430 000003D8 F30F7F441008                    movdqu  oword [rax+rdx+8H], xmm0
   431 000003DE 4883C210                        add     rdx, 16
   432 000003E2 4139F0                          cmp     r8d, esi
   433 000003E5 72E6                            jc      L_017
   434 000003E7 39CB                            cmp     ebx, ecx
   435 000003E9 0F84BE010000                    je      L_018
   436 000003EF 8D140F                          lea     edx, [rdi+rcx]
   437 000003F2 448D6908                        lea     r13d, [rcx+8H]
   438 000003F6 4863D2                          movsxd  rdx, edx
   439 000003F9 0FB6741500                      movzx   esi, byte [rbp+rdx]
   440 000003FE 4963D5                          movsxd  rdx, r13d
   441 00000401 40883410                        mov     byte [rax+rdx], sil
   442 00000405 8D5101                          lea     edx, [rcx+1H]
   443 00000408 39D3                            cmp     ebx, edx
   444 0000040A 0F8E9D010000                    jle     L_018
   445 00000410 01FA                            add     edx, edi
   446 00000412 448D5909                        lea     r11d, [rcx+9H]
   447 00000416 4863D2                          movsxd  rdx, edx
   448 00000419 0FB6741500                      movzx   esi, byte [rbp+rdx]
   449 0000041E 4963D3                          movsxd  rdx, r11d
   450 00000421 40883410                        mov     byte [rax+rdx], sil
   451 00000425 8D5102                          lea     edx, [rcx+2H]
   452 00000428 39D3                            cmp     ebx, edx
   453 0000042A 0F8E7D010000                    jle     L_018
   454 00000430 01FA                            add     edx, edi
   455 00000432 448D510A                        lea     r10d, [rcx+0AH]
   456 00000436 4863D2                          movsxd  rdx, edx
   457 00000439 0FB6741500                      movzx   esi, byte [rbp+rdx]
   458 0000043E 4963D2                          movsxd  rdx, r10d
   459 00000441 40883410                        mov     byte [rax+rdx], sil
   460 00000445 8D5103                          lea     edx, [rcx+3H]
   461 00000448 39D3                            cmp     ebx, edx
   462 0000044A 0F8E5D010000                    jle     L_018
   463 00000450 01FA                            add     edx, edi
   464 00000452 448D490B                        lea     r9d, [rcx+0BH]
   465 00000456 4863D2                          movsxd  rdx, edx
   466 00000459 0FB6741500                      movzx   esi, byte [rbp+rdx]
   467 0000045E 4963D1                          movsxd  rdx, r9d
   468 00000461 40883410                        mov     byte [rax+rdx], sil
   469 00000465 8D5104                          lea     edx, [rcx+4H]
   470 00000468 39D3                            cmp     ebx, edx
   471 0000046A 0F8E3D010000                    jle     L_018
   472 00000470 01FA                            add     edx, edi
   473 00000472 448D410C                        lea     r8d, [rcx+0CH]
   474 00000476 4863D2                          movsxd  rdx, edx
   475 00000479 0FB6741500                      movzx   esi, byte [rbp+rdx]
   476 0000047E 4963D0                          movsxd  rdx, r8d
   477 00000481 40883410                        mov     byte [rax+rdx], sil
   478 00000485 8D5105                          lea     edx, [rcx+5H]
   479 00000488 39D3                            cmp     ebx, edx
   480 0000048A 0F8E1D010000                    jle     L_018
   481 00000490 01FA                            add     edx, edi
   482 00000492 8D710D                          lea     esi, [rcx+0DH]
   483 00000495 4863D2                          movsxd  rdx, edx
   484 00000498 440FB6741500                    movzx   r14d, byte [rbp+rdx]
   485 0000049E 4863D6                          movsxd  rdx, esi
   486 000004A1 44883410                        mov     byte [rax+rdx], r14b
   487 000004A5 8D5106                          lea     edx, [rcx+6H]
   488 000004A8 39D3                            cmp     ebx, edx
   489 000004AA 0F8EFD000000                    jle     L_018
   490 000004B0 01FA                            add     edx, edi
   491 000004B2 4863D2                          movsxd  rdx, edx
   492 000004B5 440FB67C1500                    movzx   r15d, byte [rbp+rdx]
   493 000004BB 8D510E                          lea     edx, [rcx+0EH]
   494 000004BE 4C63F2                          movsxd  r14, edx
   495 000004C1 46883C30                        mov     byte [rax+r14], r15b
   496 000004C5 448D7107                        lea     r14d, [rcx+7H]
   497 000004C9 4439F3                          cmp     ebx, r14d
   498 000004CC 0F8EDB000000                    jle     L_018
   499 000004D2 4101FE                          add     r14d, edi
   500 000004D5 4439EB                          cmp     ebx, r13d
   501 000004D8 4D63F6                          movsxd  r14, r14d
   502 000004DB 460FB67C3500                    movzx   r15d, byte [rbp+r14]
   503 000004E1 448D710F                        lea     r14d, [rcx+0FH]
   504 000004E5 4D63F6                          movsxd  r14, r14d
   505 000004E8 46883C30                        mov     byte [rax+r14], r15b
   506 000004EC 0F8EBB000000                    jle     L_018
   507 000004F2 4101FD                          add     r13d, edi
   508 000004F5 4439DB                          cmp     ebx, r11d
   509 000004F8 4D63ED                          movsxd  r13, r13d
   510 000004FB 460FB6742D00                    movzx   r14d, byte [rbp+r13]
   511 00000501 448D6910                        lea     r13d, [rcx+10H]
   512 00000505 4D63ED                          movsxd  r13, r13d
   513 00000508 46883428                        mov     byte [rax+r13], r14b
   514 0000050C 0F8E9B000000                    jle     L_018
   515 00000512 4101FB                          add     r11d, edi
   516 00000515 4439D3                          cmp     ebx, r10d
   517 00000518 4D63DB                          movsxd  r11, r11d
   518 0000051B 460FB66C1D00                    movzx   r13d, byte [rbp+r11]
   519 00000521 448D5911                        lea     r11d, [rcx+11H]
   520 00000525 4D63DB                          movsxd  r11, r11d
   521 00000528 46882C18                        mov     byte [rax+r11], r13b
   522 0000052C 7E7F                            jle     L_018
   523 0000052E 4101FA                          add     r10d, edi
   524 00000531 4439CB                          cmp     ebx, r9d
   525 00000534 4D63D2                          movsxd  r10, r10d
   526 00000537 460FB65C1500                    movzx   r11d, byte [rbp+r10]
   527 0000053D 448D5112                        lea     r10d, [rcx+12H]
   528 00000541 4D63D2                          movsxd  r10, r10d
   529 00000544 46881C10                        mov     byte [rax+r10], r11b
   530 00000548 7E63                            jle     L_018
   531 0000054A 4101F9                          add     r9d, edi
   532 0000054D 4439C3                          cmp     ebx, r8d
   533 00000550 4D63C9                          movsxd  r9, r9d
   534 00000553 460FB6540D00                    movzx   r10d, byte [rbp+r9]
   535 00000559 448D4913                        lea     r9d, [rcx+13H]
   536 0000055D 4D63C9                          movsxd  r9, r9d
   537 00000560 46881408                        mov     byte [rax+r9], r10b
   538 00000564 7E47                            jle     L_018
   539 00000566 4101F8                          add     r8d, edi
   540 00000569 39F3                            cmp     ebx, esi
   541 0000056B 4D63C0                          movsxd  r8, r8d
   542 0000056E 460FB64C0500                    movzx   r9d, byte [rbp+r8]
   543 00000574 448D4114                        lea     r8d, [rcx+14H]
   544 00000578 4D63C0                          movsxd  r8, r8d
   545 0000057B 46880C00                        mov     byte [rax+r8], r9b
   546 0000057F 7E2C                            jle     L_018
   547 00000581 01FE                            add     esi, edi
   548 00000583 39D3                            cmp     ebx, edx
   549 00000585 4863F6                          movsxd  rsi, esi
   550 00000588 440FB6443500                    movzx   r8d, byte [rbp+rsi]
   551 0000058E 8D7115                          lea     esi, [rcx+15H]
   552 00000591 4863F6                          movsxd  rsi, esi
   553 00000594 44880430                        mov     byte [rax+rsi], r8b
   554 00000598 7E13                            jle     L_018
   555 0000059A 01FA                            add     edx, edi
   556 0000059C 83C116                          add     ecx, 22
   557 0000059F 4863D2                          movsxd  rdx, edx
   558 000005A2 4863C9                          movsxd  rcx, ecx
   559 000005A5 0FB6541500                      movzx   edx, byte [rbp+rdx]
   560 000005AA 881408                          mov     byte [rax+rcx], dl
   561 000005AD 4183C409                L_018:  add     r12d, 9
   562 000005B1 4D63E4                          movsxd  r12, r12d
   563 000005B4 42C6042000                      mov     byte [rax+r12], 0
   564 000005B9 4883C408                        add     rsp, 8
   565 000005BD 5B                              pop     rbx
   566 000005BE 5D                              pop     rbp
   567 000005BF 415C                            pop     r12
   568 000005C1 415D                            pop     r13
   569 000005C3 415E                            pop     r14
   570 000005C5 415F                            pop     r15
   571 000005C7 C3                              ret
   572                                  
   573                                  
   574                                  
   575                                  
   576                                  
   577 000005C8 90<rept>                ALIGN   16
   578 000005D0 4863FF                  L_019:  movsxd  rdi, edi
   579 000005D3 31C9                            xor     ecx, ecx
   580 000005D5 4801FD                          add     rbp, rdi
   581                                  
   582                                  
   583                                  
   584                                  
   585 000005D8 90<rept>                ALIGN   16
   586 000005E0 0FB6540D00              L_020:  movzx   edx, byte [rbp+rcx]
   587 000005E5 88540808                        mov     byte [rax+rcx+8H], dl
   588 000005E9 4883C101                        add     rcx, 1
   589 000005ED 39CB                            cmp     ebx, ecx
   590 000005EF 7FEF                            jg      L_020
   591 000005F1 EBBA                            jmp     L_018
   592                                  
   593                                  
   594                                  
   595                                  
   596                                  
   597                                  
   598                                  
   599 000005F3 90<rept>                ALIGN   16
   600                                  
   601                                  __string_parseInt:
   602 00000600 0FBE5708                        movsx   edx, byte [rdi+8H]
   603 00000604 80FA2D                          cmp     dl, 45
   604 00000607 7447                            jz      L_024
   605 00000609 488D4F08                        lea     rcx, [rdi+8H]
   606 0000060D 31FF                            xor     edi, edi
   607 0000060F 8D42D0                  L_021:  lea     eax, [rdx-30H]
   608 00000612 3C09                            cmp     al, 9
   609 00000614 B800000000                      mov     eax, 0
   610 00000619 7723                            ja      L_023
   611                                  
   612                                  
   613                                  
   614                                  
   615 0000061B 90<rept>                ALIGN   8
   616 00000620 83EA30                  L_022:  sub     edx, 48
   617 00000623 488D0480                        lea     rax, [rax+rax*4]
   618 00000627 4883C101                        add     rcx, 1
   619 0000062B 4863D2                          movsxd  rdx, edx
   620 0000062E 488D0442                        lea     rax, [rdx+rax*2]
   621 00000632 0FBE11                          movsx   edx, byte [rcx]
   622 00000635 8D72D0                          lea     esi, [rdx-30H]
   623 00000638 4080FE09                        cmp     sil, 9
   624 0000063C 76E2                            jbe     L_022
   625 0000063E 4889C2                  L_023:  mov     rdx, rax
   626 00000641 48F7DA                          neg     rdx
   627 00000644 85FF                            test    edi, edi
   628 00000646 480F45C2                        cmovne  rax, rdx
   629 0000064A C3                              ret
   630                                  
   631                                  
   632                                  
   633                                  
   634                                  
   635 0000064B 90<rept>                ALIGN   8
   636 00000650 488D4F09                L_024:  lea     rcx, [rdi+9H]
   637 00000654 0FBE5709                        movsx   edx, byte [rdi+9H]
   638 00000658 BF01000000                      mov     edi, 1
   639 0000065D EBB0                            jmp     L_021
   640                                  
   641                                  
   642 0000065F 90                              nop
   643                                  
   644                                  ALIGN   16
   645                                  __string_ord:
   646 00000660 480FBE443708                    movsx   rax, byte [rdi+rsi+8H]
   647 00000666 C3                              ret
   648                                  
   649                                  
   650                                  
   651                                  
   652                                  
   653                                  
   654                                  
   655 00000667 90<rept>                ALIGN   16
   656                                  
   657                                  __stringConcate:
   658 00000670 4157                            push    r15
   659 00000672 4156                            push    r14
   660 00000674 4155                            push    r13
   661 00000676 4154                            push    r12
   662 00000678 4989F4                          mov     r12, rsi
   663 0000067B 55                              push    rbp
   664 0000067C 4889FD                          mov     rbp, rdi
   665 0000067F 53                              push    rbx
   666 00000680 4883EC08                        sub     rsp, 8
   667 00000684 488B1F                          mov     rbx, qword [rdi]
   668 00000687 4C8B2E                          mov     r13, qword [rsi]
   669 0000068A 4E8D342B                        lea     r14, [rbx+r13]
   670 0000068E 498D7E09                        lea     rdi, [r14+9H]
   671 00000692 E8(00000000)                    call    malloc
   672 00000697 4885DB                          test    rbx, rbx
   673 0000069A 4C8930                          mov     qword [rax], r14
   674 0000069D 0F8EFB010000                    jle     L_026
   675 000006A3 488D4D08                        lea     rcx, [rbp+8H]
   676 000006A7 488D5018                        lea     rdx, [rax+18H]
   677 000006AB 488D7518                        lea     rsi, [rbp+18H]
   678 000006AF 4839D1                          cmp     rcx, rdx
   679 000006B2 488D5008                        lea     rdx, [rax+8H]
   680 000006B6 0F93C1                          setae   cl
   681 000006B9 4839D6                          cmp     rsi, rdx
   682 000006BC 0F96C2                          setbe   dl
   683 000006BF 08D1                            or      cl, dl
   684 000006C1 0F8429020000                    je      L_029
   685 000006C7 4883FB0F                        cmp     rbx, 15
   686 000006CB 0F861F020000                    jbe     L_029
   687 000006D1 4889DE                          mov     rsi, rbx
   688 000006D4 31C9                            xor     ecx, ecx
   689 000006D6 31FF                            xor     edi, edi
   690 000006D8 48C1EE04                        shr     rsi, 4
   691 000006DC 4889F2                          mov     rdx, rsi
   692 000006DF 48C1E204                        shl     rdx, 4
   693 000006E3 F30F6F440D08            L_025:  movdqu  xmm0, oword [rbp+rcx+8H]
   694 000006E9 4883C701                        add     rdi, 1
   695 000006ED F30F7F440808                    movdqu  oword [rax+rcx+8H], xmm0
   696 000006F3 4883C110                        add     rcx, 16
   697 000006F7 4839FE                          cmp     rsi, rdi
   698 000006FA 77E7                            ja      L_025
   699 000006FC 4839D3                          cmp     rbx, rdx
   700 000006FF 0F8499010000                    je      L_026
   701 00000705 448D7208                        lea     r14d, [rdx+8H]
   702 00000709 4D63F6                          movsxd  r14, r14d
   703 0000070C 420FB64C3500                    movzx   ecx, byte [rbp+r14]
   704 00000712 42880C30                        mov     byte [rax+r14], cl
   705 00000716 8D4A01                          lea     ecx, [rdx+1H]
   706 00000719 4863C9                          movsxd  rcx, ecx
   707 0000071C 4839CB                          cmp     rbx, rcx
   708 0000071F 0F8E79010000                    jle     L_026
   709 00000725 448D5209                        lea     r10d, [rdx+9H]
   710 00000729 4963CA                          movsxd  rcx, r10d
   711 0000072C 0FB6740D00                      movzx   esi, byte [rbp+rcx]
   712 00000731 40883408                        mov     byte [rax+rcx], sil
   713 00000735 8D4A02                          lea     ecx, [rdx+2H]
   714 00000738 4863C9                          movsxd  rcx, ecx
   715 0000073B 4839CB                          cmp     rbx, rcx
   716 0000073E 0F8E5A010000                    jle     L_026
   717 00000744 448D4A0A                        lea     r9d, [rdx+0AH]
   718 00000748 4963C9                          movsxd  rcx, r9d
   719 0000074B 0FB6740D00                      movzx   esi, byte [rbp+rcx]
   720 00000750 40883408                        mov     byte [rax+rcx], sil
   721 00000754 8D4A03                          lea     ecx, [rdx+3H]
   722 00000757 4863C9                          movsxd  rcx, ecx
   723 0000075A 4839CB                          cmp     rbx, rcx
   724 0000075D 0F8E3B010000                    jle     L_026
   725 00000763 448D420B                        lea     r8d, [rdx+0BH]
   726 00000767 4963C8                          movsxd  rcx, r8d
   727 0000076A 0FB6740D00                      movzx   esi, byte [rbp+rcx]
   728 0000076F 40883408                        mov     byte [rax+rcx], sil
   729 00000773 8D4A04                          lea     ecx, [rdx+4H]
   730 00000776 4863C9                          movsxd  rcx, ecx
   731 00000779 4839CB                          cmp     rbx, rcx
   732 0000077C 0F8E1C010000                    jle     L_026
   733 00000782 8D7A0C                          lea     edi, [rdx+0CH]
   734 00000785 4863CF                          movsxd  rcx, edi
   735 00000788 0FB6740D00                      movzx   esi, byte [rbp+rcx]
   736 0000078D 40883408                        mov     byte [rax+rcx], sil
   737 00000791 8D4A05                          lea     ecx, [rdx+5H]
   738 00000794 4863C9                          movsxd  rcx, ecx
   739 00000797 4839CB                          cmp     rbx, rcx
   740 0000079A 0F8EFE000000                    jle     L_026
   741 000007A0 8D720D                          lea     esi, [rdx+0DH]
   742 000007A3 4863CE                          movsxd  rcx, esi
   743 000007A6 440FB65C0D00                    movzx   r11d, byte [rbp+rcx]
   744 000007AC 44881C08                        mov     byte [rax+rcx], r11b
   745 000007B0 8D4A06                          lea     ecx, [rdx+6H]
   746 000007B3 4863C9                          movsxd  rcx, ecx
   747 000007B6 4839CB                          cmp     rbx, rcx
   748 000007B9 0F8EDF000000                    jle     L_026
   749 000007BF 8D4A0E                          lea     ecx, [rdx+0EH]
   750 000007C2 4C63D9                          movsxd  r11, ecx
   751 000007C5 460FB67C1D00                    movzx   r15d, byte [rbp+r11]
   752 000007CB 46883C18                        mov     byte [rax+r11], r15b
   753 000007CF 448D5A07                        lea     r11d, [rdx+7H]
   754 000007D3 4D63DB                          movsxd  r11, r11d
   755 000007D6 4C39DB                          cmp     rbx, r11
   756 000007D9 0F8EBF000000                    jle     L_026
   757 000007DF 448D5A0F                        lea     r11d, [rdx+0FH]
   758 000007E3 4C39F3                          cmp     rbx, r14
   759 000007E6 4D63DB                          movsxd  r11, r11d
   760 000007E9 460FB67C1D00                    movzx   r15d, byte [rbp+r11]
   761 000007EF 46883C18                        mov     byte [rax+r11], r15b
   762 000007F3 0F8EA5000000                    jle     L_026
   763 000007F9 448D5A10                        lea     r11d, [rdx+10H]
   764 000007FD 4D63D2                          movsxd  r10, r10d
   765 00000800 4C39D3                          cmp     rbx, r10
   766 00000803 4D63DB                          movsxd  r11, r11d
   767 00000806 460FB6741D00                    movzx   r14d, byte [rbp+r11]
   768 0000080C 46883418                        mov     byte [rax+r11], r14b
   769 00000810 0F8E88000000                    jle     L_026
   770 00000816 448D5211                        lea     r10d, [rdx+11H]
   771 0000081A 4D63C9                          movsxd  r9, r9d
   772 0000081D 4C39CB                          cmp     rbx, r9
   773 00000820 4D63D2                          movsxd  r10, r10d
   774 00000823 460FB65C1500                    movzx   r11d, byte [rbp+r10]
   775 00000829 46881C10                        mov     byte [rax+r10], r11b
   776 0000082D 7E6F                            jle     L_026
   777 0000082F 448D4A12                        lea     r9d, [rdx+12H]
   778 00000833 4D63C0                          movsxd  r8, r8d
   779 00000836 4C39C3                          cmp     rbx, r8
   780 00000839 4D63C9                          movsxd  r9, r9d
   781 0000083C 460FB6540D00                    movzx   r10d, byte [rbp+r9]
   782 00000842 46881408                        mov     byte [rax+r9], r10b
   783 00000846 7E56                            jle     L_026
   784 00000848 448D4213                        lea     r8d, [rdx+13H]
   785 0000084C 4863FF                          movsxd  rdi, edi
   786 0000084F 4839FB                          cmp     rbx, rdi
   787 00000852 4D63C0                          movsxd  r8, r8d
   788 00000855 460FB64C0500                    movzx   r9d, byte [rbp+r8]
   789 0000085B 46880C00                        mov     byte [rax+r8], r9b
   790 0000085F 7E3D                            jle     L_026
   791 00000861 8D7A14                          lea     edi, [rdx+14H]
   792 00000864 4863F6                          movsxd  rsi, esi
   793 00000867 4839F3                          cmp     rbx, rsi
   794 0000086A 4863FF                          movsxd  rdi, edi
   795 0000086D 440FB6443D00                    movzx   r8d, byte [rbp+rdi]
   796 00000873 44880438                        mov     byte [rax+rdi], r8b
   797 00000877 7E25                            jle     L_026
   798 00000879 8D7215                          lea     esi, [rdx+15H]
   799 0000087C 4863C9                          movsxd  rcx, ecx
   800 0000087F 4839CB                          cmp     rbx, rcx
   801 00000882 4863F6                          movsxd  rsi, esi
   802 00000885 0FB67C3500                      movzx   edi, byte [rbp+rsi]
   803 0000088A 40883C30                        mov     byte [rax+rsi], dil
   804 0000088E 7E0E                            jle     L_026
   805 00000890 83C216                          add     edx, 22
   806 00000893 4863D2                          movsxd  rdx, edx
   807 00000896 0FB64C1500                      movzx   ecx, byte [rbp+rdx]
   808 0000089B 880C10                          mov     byte [rax+rdx], cl
   809 0000089E 4D85ED                  L_026:  test    r13, r13
   810 000008A1 7E69                            jle     L_031
   811 000008A3 498D7501                        lea     rsi, [r13+1H]
   812 000008A7 4883C308                        add     rbx, 8
   813 000008AB BA01000000                      mov     edx, 1
   814 000008B0 31C9                            xor     ecx, ecx
   815                                  
   816                                  
   817                                  
   818                                  
   819 000008B2 90<rept>                ALIGN   8
   820 000008B8 410FB67C1407            L_027:  movzx   edi, byte [r12+rdx+7H]
   821 000008BE 4801C1                          add     rcx, rax
   822 000008C1 40883C19                        mov     byte [rcx+rbx], dil
   823 000008C5 4889D1                          mov     rcx, rdx
   824 000008C8 4883C201                        add     rdx, 1
   825 000008CC 4839F2                          cmp     rdx, rsi
   826 000008CF 75E7                            jnz     L_027
   827 000008D1 4901C5                  L_028:  add     r13, rax
   828 000008D4 41C6441D0000                    mov     byte [r13+rbx], 0
   829 000008DA 4883C408                        add     rsp, 8
   830 000008DE 5B                              pop     rbx
   831 000008DF 5D                              pop     rbp
   832 000008E0 415C                            pop     r12
   833 000008E2 415D                            pop     r13
   834 000008E4 415E                            pop     r14
   835 000008E6 415F                            pop     r15
   836 000008E8 C3                              ret
   837                                  
   838                                  
   839                                  
   840                                  
   841                                  
   842 000008E9 90<rept>                ALIGN   8
   843 000008F0 31D2                    L_029:  xor     edx, edx
   844                                  
   845                                  
   846                                  
   847                                  
   848 000008F2 90<rept>                ALIGN   8
   849 000008F8 0FB64C1508              L_030:  movzx   ecx, byte [rbp+rdx+8H]
   850 000008FD 884C1008                        mov     byte [rax+rdx+8H], cl
   851 00000901 4883C201                        add     rdx, 1
   852 00000905 4839D3                          cmp     rbx, rdx
   853 00000908 75EE                            jnz     L_030
   854 0000090A EB92                            jmp     L_026
   855                                  
   856 0000090C 4883C308                L_031:  add     rbx, 8
   857 00000910 EBBF                            jmp     L_028
   858                                  
   859                                  
   860                                  
   861                                  
   862                                  
   863                                  
   864                                  
   865 00000912 90<rept>                ALIGN   16
   866                                  
   867                                  __stringCompare:
   868 00000920 4883EC08                        sub     rsp, 8
   869 00000924 4883C608                        add     rsi, 8
   870 00000928 4883C708                        add     rdi, 8
   871 0000092C E8(00000000)                    call    strcmp
   872 00000931 4883C408                        add     rsp, 8
   873 00000935 4898                            cdqe
   874 00000937 C3                              ret
   875                                  
   876                                  
   877                                  
   878                                  SECTION .data   
   879                                  
   880                                  
   881                                  SECTION .bss    align=32
   882                                  
   883                                  __value:
   884 00000000 <res 0002BE40>                  resq    22472
   885                                  
   886                                  __has:
   887 0002BE40 <res 0002BE40>                  resq    22472
   888                                  
   889                                  __real_addr:
   890 00057C80 <res 00000360>                  resq    108
   891                                  
   892                                  __buffer.3442:
   893 00057FE0 <res 00100000>                  resb    1048576
   894                                  
   895                                  
   896                                  SECTION .text.startup 6
   897                                  
   898                                  main:
   899 00000000 31C0                            xor     eax, eax
   900 00000002 E9(DB110000)                    jmp     __init
   901                                  
   902                                  
   903                                  
   904                                  SECTION .rodata.str1.1 
   905                                  
   906                                  L_032:
   907 00000000 257300                          db 25H, 73H, 00H
   908                                  
   909                                  L_033:
   910 00000003 256C6400                        db 25H, 6CH, 64H, 00H
   911                                  
   912                                  
   913                                  ;=====================================================================
   914                                  	 section .text
   915                                  _random:
   916                                  	b0:
   917 00000938 55                      	push rbp
   918 00000939 4889E5                  	mov rbp, rsp
   919 0000093C 4C8B05(38000000)        	mov r8, qword [g_0]
   920 00000943 488B0D(20000000)        	mov rcx, qword [g_1]
   921 0000094A 4C8B0D(30000000)        	mov r9, qword [g_2]
   922 00000951 488B35(28000000)        	mov rsi, qword [g_3]
   923 00000958 488B3D(40000000)        	mov rdi, qword [g_4]
   924 0000095F 4889F8                  	mov rax, rdi
   925 00000962 99                      	cdq
   926 00000963 49F7F9                  	idiv r9
   927 00000966 4889C8                  	mov rax, rcx
   928 00000969 48F7EA                  	imul rdx
   929 0000096C 4989C2                  	mov r10, rax
   930 0000096F 4889F8                  	mov rax, rdi
   931 00000972 99                      	cdq
   932 00000973 49F7F9                  	idiv r9
   933 00000976 4889C2                  	mov rdx, rax
   934 00000979 4C89C0                  	mov rax, r8
   935 0000097C 48F7EA                  	imul rdx
   936 0000097F 4C89D2                  	mov rdx, r10
   937 00000982 4829C2                  	sub rdx, rax
   938 00000985 4889D0                  	mov rax, rdx
   939 00000988 4883F800                	cmp rax, 0
   940 0000098C 7D08                    	jge b1
   941                                  	b2:
   942 0000098E 4801F0                  	add rax, rsi
   943 00000991 4889C7                  	mov rdi, rax
   944 00000994 EB03                    	jmp b3
   945                                  	b1:
   946 00000996 4889C7                  	mov rdi, rax
   947                                  	b3:
   948 00000999 4889F8                  	mov rax, rdi
   949                                  	b4:
   950 0000099C 4C8905(38000000)        	mov qword [g_0], r8
   951 000009A3 48890D(20000000)        	mov qword [g_1], rcx
   952 000009AA 4C890D(30000000)        	mov qword [g_2], r9
   953 000009B1 488935(28000000)        	mov qword [g_3], rsi
   954 000009B8 48893D(40000000)        	mov qword [g_4], rdi
   955 000009BF C9                      	leave
   956 000009C0 C3                      	ret 
   957                                  _initialize:
   958                                  	b5:
   959 000009C1 55                      	push rbp
   960 000009C2 4889E5                  	mov rbp, rsp
   961 000009C5 4889F9                  	mov rcx, rdi
   962 000009C8 488B05(40000000)        	mov rax, qword [g_4]
   963 000009CF 4889C8                  	mov rax, rcx
   964                                  	b6:
   965 000009D2 488905(40000000)        	mov qword [g_4], rax
   966 000009D9 C9                      	leave
   967 000009DA C3                      	ret 
   968                                  _swap:
   969                                  	b7:
   970 000009DB 55                      	push rbp
   971 000009DC 4889E5                  	mov rbp, rsp
   972 000009DF 4889FA                  	mov rdx, rdi
   973 000009E2 4889F1                  	mov rcx, rsi
   974 000009E5 488B05(18000000)        	mov rax, qword [g_5]
   975 000009EC 488B7CD008              	mov rdi, qword [rax + rdx * 8 + 8]
   976 000009F1 488B74C808              	mov rsi, qword [rax + rcx * 8 + 8]
   977 000009F6 488974D008              	mov qword [rax + rdx * 8 + 8], rsi
   978 000009FB 48897CC808              	mov qword [rax + rcx * 8 + 8], rdi
   979                                  	b8:
   980 00000A00 488905(18000000)        	mov qword [g_5], rax
   981 00000A07 C9                      	leave
   982 00000A08 C3                      	ret 
   983                                  _pd:
   984                                  	b9:
   985 00000A09 55                      	push rbp
   986 00000A0A 4889E5                  	mov rbp, rsp
   987 00000A0D 4889FE                  	mov rsi, rdi
   988 00000A10 488B3D(08000000)        	mov rdi, qword [g_6]
   989                                  	b10:
   990 00000A17 4839F7                  	cmp rdi, rsi
   991 00000A1A 7E07                    	jle b11
   992                                  	b12:
   993                                  	b13:
   994 00000A1C B800000000              	mov rax, 0
   995                                  	b14:
   996 00000A21 EB25                    	jmp b15
   997                                  	b11:
   998 00000A23 4889F9                  	mov rcx, rdi
   999 00000A26 4883C101                	add rcx, 1
  1000 00000A2A 4889F8                  	mov rax, rdi
  1001 00000A2D 48F7E9                  	imul rcx
  1002 00000A30 99                      	cdq
  1003 00000A31 B902000000              	mov rcx, 2
  1004 00000A36 48F7F9                  	idiv rcx
  1005 00000A39 4839C6                  	cmp rsi, rax
  1006 00000A3C 7405                    	je b16
  1007                                  	b17:
  1008                                  	b18:
  1009 00000A3E 48FFC7                  	inc rdi
  1010 00000A41 EBD4                    	jmp b10
  1011                                  	b16:
  1012                                  	b19:
  1013 00000A43 B801000000              	mov rax, 1
  1014                                  	b20:
  1015                                  	b15:
  1016 00000A48 48893D(08000000)        	mov qword [g_6], rdi
  1017 00000A4F C9                      	leave
  1018 00000A50 C3                      	ret 
  1019                                  _show:
  1020                                  	b21:
  1021 00000A51 55                      	push rbp
  1022 00000A52 4889E5                  	mov rbp, rsp
  1023 00000A55 4155                    	push r13
  1024 00000A57 4156                    	push r14
  1025 00000A59 4154                    	push r12
  1026 00000A5B 4C8B2D(10000000)        	mov r13, qword [g_7]
  1027 00000A62 4C8B25(18000000)        	mov r12, qword [g_5]
  1028 00000A69 41BE00000000            	mov r14, 0
  1029                                  	b22:
  1030 00000A6F 4D39EE                  	cmp r14, r13
  1031 00000A72 7C25                    	jl b23
  1032                                  	b24:
  1033 00000A74 48BF-                   	mov rdi, g_8
  1034 00000A76 [5200000000000000] 
  1035 00000A7E E8ADF7FFFF              	call __println
  1036                                  	b25:
  1037 00000A83 4C892D(10000000)        	mov qword [g_7], r13
  1038 00000A8A 4C8925(18000000)        	mov qword [g_5], r12
  1039 00000A91 415C                    	pop r12
  1040 00000A93 415E                    	pop r14
  1041 00000A95 415D                    	pop r13
  1042 00000A97 C9                      	leave
  1043 00000A98 C3                      	ret 
  1044                                  	b23:
  1045 00000A99 4B8B7CF408              	mov rdi, qword [r12 + r14 * 8 + 8]
  1046 00000A9E E84DF8FFFF              	call __toString
  1047 00000AA3 48BE-                   	mov rsi, g_9
  1048 00000AA5 [4800000000000000] 
  1049 00000AAD 4889C7                  	mov rdi, rax
  1050 00000AB0 E8BBFBFFFF              	call __stringConcate
  1051 00000AB5 4889C7                  	mov rdi, rax
  1052 00000AB8 E853F7FFFF              	call __print
  1053                                  	b26:
  1054 00000ABD 49FFC6                  	inc r14
  1055 00000AC0 EBAD                    	jmp b22
  1056                                  _win:
  1057                                  	b27:
  1058 00000AC2 55                      	push rbp
  1059 00000AC3 4889E5                  	mov rbp, rsp
  1060 00000AC6 4157                    	push r15
  1061 00000AC8 4155                    	push r13
  1062 00000ACA 4156                    	push r14
  1063 00000ACC 4154                    	push r12
  1064 00000ACE 4C8B3D(08000000)        	mov r15, qword [g_6]
  1065 00000AD5 4C8B2D(10000000)        	mov r13, qword [g_7]
  1066 00000ADC 4C8B25(18000000)        	mov r12, qword [g_5]
  1067 00000AE3 41BE64000000            	mov r14, 100
  1068 00000AE9 4A8D04F508000000        	lea rax, [r14 * 8 + 8]
  1069 00000AF1 4889C7                  	mov rdi, rax
  1070 00000AF4 E8(00000000)            	call malloc
  1071 00000AF9 4C8930                  	mov qword [rax], r14
  1072                                  	b28:
  1073 00000AFC 4983FE00                	cmp r14, 0
  1074 00000B00 0F8FC1000000            	jg b29
  1075                                  	b30:
  1076 00000B06 4889C2                  	mov rdx, rax
  1077 00000B09 4D39FD                  	cmp r13, r15
  1078 00000B0C 0F8591000000            	jne b31
  1079                                  	b32:
  1080 00000B12 BE00000000              	mov rsi, 0
  1081                                  	b33:
  1082 00000B17 4C39EE                  	cmp rsi, r13
  1083 00000B1A 7C75                    	jl b34
  1084                                  	b35:
  1085 00000B1C B900000000              	mov rcx, 0
  1086                                  	b36:
  1087 00000B21 4C89E8                  	mov rax, r13
  1088 00000B24 4883E801                	sub rax, 1
  1089 00000B28 4839C1                  	cmp rcx, rax
  1090 00000B2B 7C2B                    	jl b37
  1091                                  	b38:
  1092 00000B2D B900000000              	mov rcx, 0
  1093                                  	b39:
  1094 00000B32 4C39E9                  	cmp rcx, r13
  1095 00000B35 7C07                    	jl b40
  1096                                  	b41:
  1097                                  	b42:
  1098 00000B37 B801000000              	mov rax, 1
  1099                                  	b43:
  1100 00000B3C EB6A                    	jmp b44
  1101                                  	b40:
  1102 00000B3E 4889C8                  	mov rax, rcx
  1103 00000B41 4883C001                	add rax, 1
  1104 00000B45 483944CA08              	cmp qword [rdx + rcx * 8 + 8], rax
  1105 00000B4A 7505                    	jne b45
  1106                                  	b46:
  1107                                  	b47:
  1108 00000B4C 48FFC1                  	inc rcx
  1109 00000B4F EBE1                    	jmp b39
  1110                                  	b45:
  1111                                  	b48:
  1112 00000B51 B800000000              	mov rax, 0
  1113                                  	b49:
  1114 00000B56 EB50                    	jmp b44
  1115                                  	b37:
  1116 00000B58 4889C8                  	mov rax, rcx
  1117 00000B5B 4883C001                	add rax, 1
  1118 00000B5F 4889C6                  	mov rsi, rax
  1119                                  	b50:
  1120 00000B62 4C39EE                  	cmp rsi, r13
  1121 00000B65 7C05                    	jl b51
  1122                                  	b52:
  1123                                  	b53:
  1124 00000B67 48FFC1                  	inc rcx
  1125 00000B6A EBB5                    	jmp b36
  1126                                  	b51:
  1127 00000B6C 488B44CA08              	mov rax, qword [rdx + rcx * 8 + 8]
  1128 00000B71 483B44F208              	cmp rax, qword [rdx + rsi * 8 + 8]
  1129 00000B76 7E14                    	jle b54
  1130                                  	b55:
  1131 00000B78 488B7CCA08              	mov rdi, qword [rdx + rcx * 8 + 8]
  1132 00000B7D 488B44F208              	mov rax, qword [rdx + rsi * 8 + 8]
  1133 00000B82 488944CA08              	mov qword [rdx + rcx * 8 + 8], rax
  1134 00000B87 48897CF208              	mov qword [rdx + rsi * 8 + 8], rdi
  1135                                  	b54:
  1136                                  	b56:
  1137 00000B8C 48FFC6                  	inc rsi
  1138 00000B8F EBD1                    	jmp b50
  1139                                  	b34:
  1140 00000B91 498B44F408              	mov rax, qword [r12 + rsi * 8 + 8]
  1141 00000B96 488944F208              	mov qword [rdx + rsi * 8 + 8], rax
  1142                                  	b57:
  1143 00000B9B 48FFC6                  	inc rsi
  1144 00000B9E E974FFFFFF              	jmp b33
  1145                                  	b31:
  1146                                  	b58:
  1147 00000BA3 B800000000              	mov rax, 0
  1148                                  	b59:
  1149                                  	b44:
  1150 00000BA8 4C893D(08000000)        	mov qword [g_6], r15
  1151 00000BAF 4C892D(10000000)        	mov qword [g_7], r13
  1152 00000BB6 4C8925(18000000)        	mov qword [g_5], r12
  1153 00000BBD 415C                    	pop r12
  1154 00000BBF 415E                    	pop r14
  1155 00000BC1 415D                    	pop r13
  1156 00000BC3 415F                    	pop r15
  1157 00000BC5 C9                      	leave
  1158 00000BC6 C3                      	ret 
  1159                                  	b29:
  1160 00000BC7 4AC704F000000000        	mov qword [rax + r14 * 8], 0
  1161 00000BCF 49FFCE                  	dec r14
  1162 00000BD2 E925FFFFFF              	jmp b28
  1163                                  _merge:
  1164                                  	b60:
  1165 00000BD7 55                      	push rbp
  1166 00000BD8 4889E5                  	mov rbp, rsp
  1167 00000BDB 4154                    	push r12
  1168 00000BDD 4156                    	push r14
  1169 00000BDF 4C8B35(10000000)        	mov r14, qword [g_7]
  1170 00000BE6 488B0D(18000000)        	mov rcx, qword [g_5]
  1171 00000BED 41BC00000000            	mov r12, 0
  1172                                  	b61:
  1173 00000BF3 4D39F4                  	cmp r12, r14
  1174 00000BF6 7C2F                    	jl b62
  1175                                  	b63:
  1176 00000BF8 41BC00000000            	mov r12, 0
  1177                                  	b64:
  1178 00000BFE 4D39F4                  	cmp r12, r14
  1179 00000C01 7D10                    	jge b65
  1180                                  	b66:
  1181 00000C03 4A837CE10800            	cmp qword [rcx + r12 * 8 + 8], 0
  1182 00000C09 7405                    	je b67
  1183                                  	b68:
  1184                                  	b69:
  1185 00000C0B 49FFC4                  	inc r12
  1186 00000C0E EBEE                    	jmp b64
  1187                                  	b67:
  1188 00000C10 4D89E6                  	mov r14, r12
  1189                                  	b65:
  1190                                  	b70:
  1191 00000C13 4C8935(10000000)        	mov qword [g_7], r14
  1192 00000C1A 48890D(18000000)        	mov qword [g_5], rcx
  1193 00000C21 415E                    	pop r14
  1194 00000C23 415C                    	pop r12
  1195 00000C25 C9                      	leave
  1196 00000C26 C3                      	ret 
  1197                                  	b62:
  1198 00000C27 4A837CE10800            	cmp qword [rcx + r12 * 8 + 8], 0
  1199 00000C2D 7532                    	jne b71
  1200                                  	b72:
  1201 00000C2F 4C89E0                  	mov rax, r12
  1202 00000C32 4883C001                	add rax, 1
  1203                                  	b73:
  1204 00000C36 4C39F0                  	cmp rax, r14
  1205 00000C39 7D26                    	jge b74
  1206                                  	b75:
  1207 00000C3B 48837CC10800            	cmp qword [rcx + rax * 8 + 8], 0
  1208 00000C41 7505                    	jne b76
  1209                                  	b77:
  1210                                  	b78:
  1211 00000C43 48FFC0                  	inc rax
  1212 00000C46 EBEE                    	jmp b73
  1213                                  	b76:
  1214 00000C48 48890D(18000000)        	mov qword [g_5], rcx
  1215 00000C4F 4889C6                  	mov rsi, rax
  1216 00000C52 4C89E7                  	mov rdi, r12
  1217 00000C55 E881FDFFFF              	call _swap
  1218 00000C5A 488B0D(18000000)        	mov rcx, qword [g_5]
  1219                                  	b74:
  1220                                  	b71:
  1221                                  	b79:
  1222 00000C61 49FFC4                  	inc r12
  1223 00000C64 EB8D                    	jmp b61
  1224                                  _move:
  1225                                  	b80:
  1226 00000C66 55                      	push rbp
  1227 00000C67 4889E5                  	mov rbp, rsp
  1228 00000C6A 488B15(10000000)        	mov rdx, qword [g_7]
  1229 00000C71 488B0D(18000000)        	mov rcx, qword [g_5]
  1230 00000C78 B800000000              	mov rax, 0
  1231                                  	b81:
  1232 00000C7D 4839D0                  	cmp rax, rdx
  1233 00000C80 7C1B                    	jl b82
  1234                                  	b83:
  1235 00000C82 488954D108              	mov qword [rcx + rdx * 8 + 8], rdx
  1236 00000C87 4889D0                  	mov rax, rdx
  1237 00000C8A 48FFC2                  	inc rdx
  1238                                  	b84:
  1239 00000C8D 488915(10000000)        	mov qword [g_7], rdx
  1240 00000C94 48890D(18000000)        	mov qword [g_5], rcx
  1241 00000C9B C9                      	leave
  1242 00000C9C C3                      	ret 
  1243                                  	b82:
  1244 00000C9D 48FF4CC108              	dec qword [rcx + rax * 8 + 8]
  1245 00000CA2 4883C001                	add rax, 1
  1246 00000CA6 EBD5                    	jmp b81
  1247                                  _main:
  1248                                  	b85:
  1249 00000CA8 55                      	push rbp
  1250 00000CA9 4889E5                  	mov rbp, rsp
  1251 00000CAC 4883EC10                	sub rsp, 16
  1252 00000CB0 53                      	push rbx
  1253 00000CB1 4157                    	push r15
  1254 00000CB3 4155                    	push r13
  1255 00000CB5 4156                    	push r14
  1256 00000CB7 4154                    	push r12
  1257 00000CB9 488B1D(38000000)        	mov rbx, qword [g_0]
  1258 00000CC0 488B05(08000000)        	mov rax, qword [g_6]
  1259 00000CC7 488905(08000000)        	mov qword [g_6], rax
  1260 00000CCE 4C8B2D(20000000)        	mov r13, qword [g_1]
  1261 00000CD5 488B05(10000000)        	mov rax, qword [g_7]
  1262 00000CDC 488905(10000000)        	mov qword [g_7], rax
  1263 00000CE3 4C8B25(30000000)        	mov r12, qword [g_2]
  1264 00000CEA 488B05(28000000)        	mov rax, qword [g_3]
  1265 00000CF1 488905(28000000)        	mov qword [g_3], rax
  1266 00000CF8 4C8B3D(18000000)        	mov r15, qword [g_5]
  1267 00000CFF 488B05(00000000)        	mov rax, qword [g_10]
  1268 00000D06 488905(00000000)        	mov qword [g_10], rax
  1269 00000D0D B800000000              	mov rax, 0
  1270 00000D12 488945F8                	mov qword [rbp - 8], rax
  1271 00000D16 B800000000              	mov rax, 0
  1272 00000D1B 488945F0                	mov qword [rbp - 16], rax
  1273 00000D1F 41BE00000000            	mov r14, 0
  1274 00000D25 B803000000              	mov rax, 3
  1275 00000D2A B907000000              	mov rcx, 7
  1276 00000D2F 48F7E9                  	imul rcx
  1277 00000D32 B90A000000              	mov rcx, 10
  1278 00000D37 48F7E9                  	imul rcx
  1279 00000D3A 488905(00000000)        	mov qword [g_10], rax
  1280 00000D41 B800000000              	mov rax, 0
  1281 00000D46 488905(08000000)        	mov qword [g_6], rax
  1282 00000D4D 41BC64000000            	mov r12, 100
  1283 00000D53 4A8D04E508000000        	lea rax, [r12 * 8 + 8]
  1284 00000D5B 4889C7                  	mov rdi, rax
  1285 00000D5E E8(00000000)            	call malloc
  1286 00000D63 4C8920                  	mov qword [rax], r12
  1287                                  	b86:
  1288 00000D66 4983FC00                	cmp r12, 0
  1289 00000D6A 0F8F5B040000            	jg b87
  1290                                  	b88:
  1291 00000D70 4989C7                  	mov r15, rax
  1292 00000D73 488B05(28000000)        	mov rax, qword [g_3]
  1293 00000D7A 99                      	cdq
  1294 00000D7B 49F7FD                  	idiv r13
  1295 00000D7E 4989C4                  	mov r12, rax
  1296 00000D81 488B05(28000000)        	mov rax, qword [g_3]
  1297 00000D88 99                      	cdq
  1298 00000D89 49F7FD                  	idiv r13
  1299 00000D8C 4889D0                  	mov rax, rdx
  1300 00000D8F 4889C3                  	mov rbx, rax
  1301 00000D92 488B05(08000000)        	mov rax, qword [g_6]
  1302 00000D99 488905(08000000)        	mov qword [g_6], rax
  1303 00000DA0 488B05(00000000)        	mov rax, qword [g_10]
  1304 00000DA7 4889C7                  	mov rdi, rax
  1305 00000DAA E85AFCFFFF              	call _pd
  1306 00000DAF 488B0D(08000000)        	mov rcx, qword [g_6]
  1307 00000DB6 48890D(08000000)        	mov qword [g_6], rcx
  1308 00000DBD 4883F800                	cmp rax, 0
  1309 00000DC1 7519                    	jne b89
  1310                                  	b90:
  1311 00000DC3 48BF-                   	mov rdi, g_11
  1312 00000DC5 [5B00000000000000] 
  1313 00000DCD E85EF4FFFF              	call __println
  1314 00000DD2 B801000000              	mov rax, 1
  1315 00000DD7 E980020000              	jmp b91
  1316                                  	b89:
  1317 00000DDC 48BF-                   	mov rdi, g_12
  1318 00000DDE [B300000000000000] 
  1319 00000DE6 E845F4FFFF              	call __println
  1320 00000DEB BFF2C43700              	mov rdi, 3654898
  1321 00000DF0 E8CCFBFFFF              	call _initialize
  1322 00000DF5 48891D(38000000)        	mov qword [g_0], rbx
  1323 00000DFC 4C892D(20000000)        	mov qword [g_1], r13
  1324 00000E03 4C8925(30000000)        	mov qword [g_2], r12
  1325 00000E0A 488B05(28000000)        	mov rax, qword [g_3]
  1326 00000E11 488905(28000000)        	mov qword [g_3], rax
  1327 00000E18 E81BFBFFFF              	call _random
  1328 00000E1D 488B0D(28000000)        	mov rcx, qword [g_3]
  1329 00000E24 48890D(28000000)        	mov qword [g_3], rcx
  1330 00000E2B 4C8B25(30000000)        	mov r12, qword [g_2]
  1331 00000E32 4C8B2D(20000000)        	mov r13, qword [g_1]
  1332 00000E39 488B1D(38000000)        	mov rbx, qword [g_0]
  1333 00000E40 99                      	cdq
  1334 00000E41 B90A000000              	mov rcx, 10
  1335 00000E46 48F7F9                  	idiv rcx
  1336 00000E49 4889D0                  	mov rax, rdx
  1337 00000E4C 4883C001                	add rax, 1
  1338 00000E50 488905(10000000)        	mov qword [g_7], rax
  1339 00000E57 488B05(10000000)        	mov rax, qword [g_7]
  1340 00000E5E 4889C7                  	mov rdi, rax
  1341 00000E61 E88AF4FFFF              	call __toString
  1342 00000E66 4889C7                  	mov rdi, rax
  1343 00000E69 E8C2F3FFFF              	call __println
  1344                                  	b92:
  1345 00000E6E 488B05(10000000)        	mov rax, qword [g_7]
  1346 00000E75 4883E801                	sub rax, 1
  1347 00000E79 488B4DF8                	mov rcx, qword [rbp - 8]
  1348 00000E7D 4839C1                  	cmp rcx, rax
  1349 00000E80 0F8C35020000            	jl b93
  1350                                  	b94:
  1351 00000E86 488B05(10000000)        	mov rax, qword [g_7]
  1352 00000E8D 4889C2                  	mov rdx, rax
  1353 00000E90 4883EA01                	sub rdx, 1
  1354 00000E94 488B05(00000000)        	mov rax, qword [g_10]
  1355 00000E9B 488B4DF0                	mov rcx, qword [rbp - 16]
  1356 00000E9F 4829C8                  	sub rax, rcx
  1357 00000EA2 498944D708              	mov qword [r15 + rdx * 8 + 8], rax
  1358 00000EA7 488B05(10000000)        	mov rax, qword [g_7]
  1359 00000EAE 488905(10000000)        	mov qword [g_7], rax
  1360 00000EB5 4C893D(18000000)        	mov qword [g_5], r15
  1361 00000EBC E890FBFFFF              	call _show
  1362 00000EC1 4C8B3D(18000000)        	mov r15, qword [g_5]
  1363 00000EC8 488B05(10000000)        	mov rax, qword [g_7]
  1364 00000ECF 488905(10000000)        	mov qword [g_7], rax
  1365 00000ED6 488B05(10000000)        	mov rax, qword [g_7]
  1366 00000EDD 488905(10000000)        	mov qword [g_7], rax
  1367 00000EE4 4C893D(18000000)        	mov qword [g_5], r15
  1368 00000EEB E8E7FCFFFF              	call _merge
  1369 00000EF0 4C8B3D(18000000)        	mov r15, qword [g_5]
  1370 00000EF7 488B05(10000000)        	mov rax, qword [g_7]
  1371 00000EFE 488905(10000000)        	mov qword [g_7], rax
  1372                                  	b95:
  1373 00000F05 488B05(08000000)        	mov rax, qword [g_6]
  1374 00000F0C 488905(08000000)        	mov qword [g_6], rax
  1375 00000F13 488B05(10000000)        	mov rax, qword [g_7]
  1376 00000F1A 488905(10000000)        	mov qword [g_7], rax
  1377 00000F21 4C893D(18000000)        	mov qword [g_5], r15
  1378 00000F28 E895FBFFFF              	call _win
  1379 00000F2D 4C8B3D(18000000)        	mov r15, qword [g_5]
  1380 00000F34 488B0D(10000000)        	mov rcx, qword [g_7]
  1381 00000F3B 48890D(10000000)        	mov qword [g_7], rcx
  1382 00000F42 488B0D(08000000)        	mov rcx, qword [g_6]
  1383 00000F49 48890D(08000000)        	mov qword [g_6], rcx
  1384 00000F50 4883F800                	cmp rax, 0
  1385 00000F54 0F85C9000000            	jne b96
  1386                                  	b97:
  1387 00000F5A 49FFC6                  	inc r14
  1388 00000F5D 4C89F7                  	mov rdi, r14
  1389 00000F60 E88BF3FFFF              	call __toString
  1390 00000F65 4889C6                  	mov rsi, rax
  1391 00000F68 48BF-                   	mov rdi, g_13
  1392 00000F6A [C800000000000000] 
  1393 00000F72 E8F9F6FFFF              	call __stringConcate
  1394 00000F77 48BE-                   	mov rsi, g_14
  1395 00000F79 [D600000000000000] 
  1396 00000F81 4889C7                  	mov rdi, rax
  1397 00000F84 E8E7F6FFFF              	call __stringConcate
  1398 00000F89 4889C7                  	mov rdi, rax
  1399 00000F8C E89FF2FFFF              	call __println
  1400 00000F91 488B05(10000000)        	mov rax, qword [g_7]
  1401 00000F98 488905(10000000)        	mov qword [g_7], rax
  1402 00000F9F 4C893D(18000000)        	mov qword [g_5], r15
  1403 00000FA6 E8BBFCFFFF              	call _move
  1404 00000FAB 4C8B3D(18000000)        	mov r15, qword [g_5]
  1405 00000FB2 488B05(10000000)        	mov rax, qword [g_7]
  1406 00000FB9 488905(10000000)        	mov qword [g_7], rax
  1407 00000FC0 488B05(10000000)        	mov rax, qword [g_7]
  1408 00000FC7 488905(10000000)        	mov qword [g_7], rax
  1409 00000FCE 4C893D(18000000)        	mov qword [g_5], r15
  1410 00000FD5 E8FDFBFFFF              	call _merge
  1411 00000FDA 4C8B3D(18000000)        	mov r15, qword [g_5]
  1412 00000FE1 488B05(10000000)        	mov rax, qword [g_7]
  1413 00000FE8 488905(10000000)        	mov qword [g_7], rax
  1414 00000FEF 488B05(10000000)        	mov rax, qword [g_7]
  1415 00000FF6 488905(10000000)        	mov qword [g_7], rax
  1416 00000FFD 4C893D(18000000)        	mov qword [g_5], r15
  1417 00001004 E848FAFFFF              	call _show
  1418 00001009 4C8B3D(18000000)        	mov r15, qword [g_5]
  1419 00001010 488B05(10000000)        	mov rax, qword [g_7]
  1420 00001017 488905(10000000)        	mov qword [g_7], rax
  1421 0000101E E9E2FEFFFF              	jmp b95
  1422                                  	b96:
  1423 00001023 4C89F7                  	mov rdi, r14
  1424 00001026 E8C5F2FFFF              	call __toString
  1425 0000102B 4889C6                  	mov rsi, rax
  1426 0000102E 48BF-                   	mov rdi, g_15
  1427 00001030 [E000000000000000] 
  1428 00001038 E833F6FFFF              	call __stringConcate
  1429 0000103D 48BE-                   	mov rsi, g_16
  1430 0000103F [F000000000000000] 
  1431 00001047 4889C7                  	mov rdi, rax
  1432 0000104A E821F6FFFF              	call __stringConcate
  1433 0000104F 4889C7                  	mov rdi, rax
  1434 00001052 E8D9F1FFFF              	call __println
  1435 00001057 B800000000              	mov rax, 0
  1436                                  	b91:
  1437 0000105C 48891D(38000000)        	mov qword [g_0], rbx
  1438 00001063 488B0D(08000000)        	mov rcx, qword [g_6]
  1439 0000106A 48890D(08000000)        	mov qword [g_6], rcx
  1440 00001071 4C892D(20000000)        	mov qword [g_1], r13
  1441 00001078 488B0D(10000000)        	mov rcx, qword [g_7]
  1442 0000107F 48890D(10000000)        	mov qword [g_7], rcx
  1443 00001086 4C8925(30000000)        	mov qword [g_2], r12
  1444 0000108D 488B0D(28000000)        	mov rcx, qword [g_3]
  1445 00001094 48890D(28000000)        	mov qword [g_3], rcx
  1446 0000109B 4C893D(18000000)        	mov qword [g_5], r15
  1447 000010A2 488B0D(00000000)        	mov rcx, qword [g_10]
  1448 000010A9 48890D(00000000)        	mov qword [g_10], rcx
  1449 000010B0 415C                    	pop r12
  1450 000010B2 415E                    	pop r14
  1451 000010B4 415D                    	pop r13
  1452 000010B6 415F                    	pop r15
  1453 000010B8 5B                      	pop rbx
  1454 000010B9 C9                      	leave
  1455 000010BA C3                      	ret 
  1456                                  	b93:
  1457 000010BB 48891D(38000000)        	mov qword [g_0], rbx
  1458 000010C2 4C892D(20000000)        	mov qword [g_1], r13
  1459 000010C9 4C8925(30000000)        	mov qword [g_2], r12
  1460 000010D0 488B05(28000000)        	mov rax, qword [g_3]
  1461 000010D7 488905(28000000)        	mov qword [g_3], rax
  1462 000010DE E855F8FFFF              	call _random
  1463 000010E3 488B0D(28000000)        	mov rcx, qword [g_3]
  1464 000010EA 48890D(28000000)        	mov qword [g_3], rcx
  1465 000010F1 4C8B25(30000000)        	mov r12, qword [g_2]
  1466 000010F8 4C8B2D(20000000)        	mov r13, qword [g_1]
  1467 000010FF 488B1D(38000000)        	mov rbx, qword [g_0]
  1468 00001106 99                      	cdq
  1469 00001107 B90A000000              	mov rcx, 10
  1470 0000110C 48F7F9                  	idiv rcx
  1471 0000110F 4889D0                  	mov rax, rdx
  1472 00001112 4889C1                  	mov rcx, rax
  1473 00001115 4883C101                	add rcx, 1
  1474 00001119 488B45F8                	mov rax, qword [rbp - 8]
  1475 0000111D 49894CC708              	mov qword [r15 + rax * 8 + 8], rcx
  1476                                  	b98:
  1477 00001122 488B45F8                	mov rax, qword [rbp - 8]
  1478 00001126 498B44C708              	mov rax, qword [r15 + rax * 8 + 8]
  1479 0000112B 488B4DF0                	mov rcx, qword [rbp - 16]
  1480 0000112F 4801C8                  	add rax, rcx
  1481 00001132 488B0D(00000000)        	mov rcx, qword [g_10]
  1482 00001139 4839C8                  	cmp rax, rcx
  1483 0000113C 7F21                    	jg b99
  1484                                  	b100:
  1485 0000113E 488B4DF8                	mov rcx, qword [rbp - 8]
  1486 00001142 488B45F0                	mov rax, qword [rbp - 16]
  1487 00001146 490344CF08              	add rax, qword [r15 + rcx * 8 + 8]
  1488 0000114B 488945F0                	mov qword [rbp - 16], rax
  1489                                  	b101:
  1490 0000114F 488B45F8                	mov rax, qword [rbp - 8]
  1491 00001153 48FFC0                  	inc rax
  1492 00001156 488945F8                	mov qword [rbp - 8], rax
  1493 0000115A E90FFDFFFF              	jmp b92
  1494                                  	b99:
  1495 0000115F 48891D(38000000)        	mov qword [g_0], rbx
  1496 00001166 4C892D(20000000)        	mov qword [g_1], r13
  1497 0000116D 4C8925(30000000)        	mov qword [g_2], r12
  1498 00001174 488B05(28000000)        	mov rax, qword [g_3]
  1499 0000117B 488905(28000000)        	mov qword [g_3], rax
  1500 00001182 E8B1F7FFFF              	call _random
  1501 00001187 488B0D(28000000)        	mov rcx, qword [g_3]
  1502 0000118E 48890D(28000000)        	mov qword [g_3], rcx
  1503 00001195 4C8B25(30000000)        	mov r12, qword [g_2]
  1504 0000119C 4C8B2D(20000000)        	mov r13, qword [g_1]
  1505 000011A3 488B1D(38000000)        	mov rbx, qword [g_0]
  1506 000011AA 99                      	cdq
  1507 000011AB B90A000000              	mov rcx, 10
  1508 000011B0 48F7F9                  	idiv rcx
  1509 000011B3 4889D0                  	mov rax, rdx
  1510 000011B6 4889C1                  	mov rcx, rax
  1511 000011B9 4883C101                	add rcx, 1
  1512 000011BD 488B45F8                	mov rax, qword [rbp - 8]
  1513 000011C1 49894CC708              	mov qword [r15 + rax * 8 + 8], rcx
  1514 000011C6 E957FFFFFF              	jmp b98
  1515                                  	b87:
  1516 000011CB 4AC704E000000000        	mov qword [rax + r12 * 8], 0
  1517 000011D3 49FFCC                  	dec r12
  1518 000011D6 E98BFBFFFF              	jmp b86
  1519                                  __init:
  1520                                  	b102:
  1521 000011DB 55                      	push rbp
  1522 000011DC 4889E5                  	mov rbp, rsp
  1523 000011DF B98FBC0000              	mov rcx, 48271
  1524 000011E4 BAFFFFFF7F              	mov rdx, 2147483647
  1525 000011E9 BE01000000              	mov rsi, 1
  1526 000011EE 48890D(20000000)        	mov qword [g_1], rcx
  1527 000011F5 488915(28000000)        	mov qword [g_3], rdx
  1528 000011FC 488935(40000000)        	mov qword [g_4], rsi
  1529 00001203 E8A0FAFFFF              	call _main
  1530 00001208 488B35(40000000)        	mov rsi, qword [g_4]
  1531 0000120F 488B15(28000000)        	mov rdx, qword [g_3]
  1532 00001216 488B0D(20000000)        	mov rcx, qword [g_1]
  1533 0000121D C9                      	leave
  1534 0000121E C3                      	ret 
  1535                                  	section .data
  1536                                  g_10:
  1537 00000000 0000000000000000        	db 00H, 00H, 00H, 00H, 00H, 00H, 00H, 00H
  1538                                  g_6:
  1539 00000008 0000000000000000        	db 00H, 00H, 00H, 00H, 00H, 00H, 00H, 00H
  1540                                  g_7:
  1541 00000010 0000000000000000        	db 00H, 00H, 00H, 00H, 00H, 00H, 00H, 00H
  1542                                  g_5:
  1543 00000018 0000000000000000        	db 00H, 00H, 00H, 00H, 00H, 00H, 00H, 00H
  1544                                  g_1:
  1545 00000020 0000000000000000        	db 00H, 00H, 00H, 00H, 00H, 00H, 00H, 00H
  1546                                  g_3:
  1547 00000028 0000000000000000        	db 00H, 00H, 00H, 00H, 00H, 00H, 00H, 00H
  1548                                  g_2:
  1549 00000030 0000000000000000        	db 00H, 00H, 00H, 00H, 00H, 00H, 00H, 00H
  1550                                  g_0:
  1551 00000038 0000000000000000        	db 00H, 00H, 00H, 00H, 00H, 00H, 00H, 00H
  1552                                  g_4:
  1553 00000040 0000000000000000        	db 00H, 00H, 00H, 00H, 00H, 00H, 00H, 00H
  1554                                  g_9:
  1555 00000048 0100000000000000        	dq 1
  1556 00000050 2000                    	db 20H, 00H
  1557                                  g_8:
  1558 00000052 0000000000000000        	dq 0
  1559 0000005A 00                      	db 00H
  1560                                  g_11:
  1561 0000005B 4F00000000000000        	dq 79
  1562 00000063 536F7272792C207468-     	db 53H, 6FH, 72H, 72H, 79H, 2CH, 20H, 74H, 68H, 65H, 20H, 6EH, 75H, 6DH, 62H, 65H, 72H, 20H, 6EH, 20H, 6DH, 75H, 73H, 74H, 20H, 62H, 65H, 20H, 61H, 20H, 6EH, 75H, 6DH, 62H, 65H, 72H, 20H, 73H, 2EH, 74H, 2EH, 20H, 7
  1563 0000006C 65206E756D62657220-
  1564 00000075 6E206D757374206265-
  1565 0000007E 2061206E756D626572-
  1566 00000087 20732E742E20746865-
  1567 00000090 726520657869737473-
  1568 00000099 206920736174697366-
  1569 000000A2 79696E67206E3D312B-
  1570 000000AB 322B2E2E2E2B6900   
  1571                                  g_12:
  1572 000000B3 0C00000000000000        	dq 12
  1573 000000BB 4C6574277320737461-     	db 4CH, 65H, 74H, 27H, 73H, 20H, 73H, 74H, 61H, 72H, 74H, 21H, 00H
  1574 000000C4 72742100           
  1575                                  g_13:
  1576 000000C8 0500000000000000        	dq 5
  1577 000000D0 737465702000            	db 73H, 74H, 65H, 70H, 20H, 00H
  1578                                  g_14:
  1579 000000D6 0100000000000000        	dq 1
  1580 000000DE 3A00                    	db 3AH, 00H
  1581                                  g_15:
  1582 000000E0 0700000000000000        	dq 7
  1583 000000E8 546F74616C3A2000        	db 54H, 6FH, 74H, 61H, 6CH, 3AH, 20H, 00H
  1584                                  g_16:
  1585 000000F0 0800000000000000        	dq 8
  1586 000000F8 207374657028732900      	db 20H, 73H, 74H, 65H, 70H, 28H, 73H, 29H, 00H
